2022-05-31 16:55:48.774  INFO 2122  --- [           main] o.s.c.bootstrap.config.PropertySourceBootstrapConfiguration:112    :
                Located property source: [BootstrapPropertySource {name='bootstrapProperties-user-server-dev.yaml,DEFAULT_GROUP'}, BootstrapPropertySource {name='bootstrapProperties-user-server.yaml,DEFAULT_GROUP'}, BootstrapPropertySource {name='bootstrapProperties-user-server,DEFAULT_GROUP'}]
2022-05-31 16:55:48.778  INFO 2126  --- [           main] cn.lingex.UserApp:655                                              :
                The following profiles are active: dev
2022-05-31 16:55:49.774  INFO 3122  --- [           main] o.s.data.repository.config.RepositoryConfigurationDelegate:249     :
                Multiple Spring Data modules found, entering strict repository configuration mode!
2022-05-31 16:55:49.777  INFO 3125  --- [           main] o.s.data.repository.config.RepositoryConfigurationDelegate:127     :
                Bootstrapping Spring Data Redis repositories in DEFAULT mode.
2022-05-31 16:55:49.800  INFO 3148  --- [           main] o.s.data.repository.config.RepositoryConfigurationDelegate:187     :
                Finished Spring Data repository scanning in 13ms. Found 0 Redis repository interfaces.
2022-05-31 16:55:50.071  INFO 3419  --- [           main] org.springframework.cloud.context.scope.GenericScope:295           :
                BeanFactory id=ba927de1-9416-37b8-8deb-6e675d93f4e0
2022-05-31 16:55:50.085  INFO 3433  --- [           main] o.s.c.s.PostProcessorRegistrationDelegate$BeanPostProcessorChecker:335 :
                Bean 'cn.lingex.feign.IOrderFeign' of type [org.springframework.cloud.openfeign.FeignClientFactoryBean] is not eligible for getting processed by all BeanPostProcessors (for example: not eligible for auto-proxying)
2022-05-31 16:55:50.086  INFO 3434  --- [           main] o.s.c.s.PostProcessorRegistrationDelegate$BeanPostProcessorChecker:335 :
                Bean 'cn.lingex.feign.IStockFeign' of type [org.springframework.cloud.openfeign.FeignClientFactoryBean] is not eligible for getting processed by all BeanPostProcessors (for example: not eligible for auto-proxying)
2022-05-31 16:55:50.100  INFO 3448  --- [           main] o.s.c.s.PostProcessorRegistrationDelegate$BeanPostProcessorChecker:335 :
                Bean 'io.seata.spring.boot.autoconfigure.SeataAutoConfiguration' of type [io.seata.spring.boot.autoconfigure.SeataAutoConfiguration$$EnhancerBySpringCGLIB$$1f89b982] is not eligible for getting processed by all BeanPostProcessors (for example: not eligible for auto-proxying)
2022-05-31 16:55:50.108  INFO 3456  --- [           main] o.s.c.s.PostProcessorRegistrationDelegate$BeanPostProcessorChecker:335 :
                Bean 'springApplicationContextProvider' of type [io.seata.spring.boot.autoconfigure.provider.SpringApplicationContextProvider] is not eligible for getting processed by all BeanPostProcessors (for example: not eligible for auto-proxying)
2022-05-31 16:55:50.130  INFO 3478  --- [           main] o.s.c.s.PostProcessorRegistrationDelegate$BeanPostProcessorChecker:335 :
                Bean 'failureHandler' of type [io.seata.tm.api.DefaultFailureHandlerImpl] is not eligible for getting processed by all BeanPostProcessors (for example: not eligible for auto-proxying)
2022-05-31 16:55:50.135  INFO 3483  --- [           main] o.s.c.s.PostProcessorRegistrationDelegate$BeanPostProcessorChecker:335 :
                Bean 'spring.cloud.alibaba.seata-io.seata.spring.boot.autoconfigure.properties.SpringCloudAlibabaConfiguration' of type [io.seata.spring.boot.autoconfigure.properties.SpringCloudAlibabaConfiguration] is not eligible for getting processed by all BeanPostProcessors (for example: not eligible for auto-proxying)
2022-05-31 16:55:50.137  INFO 3485  --- [           main] o.s.c.s.PostProcessorRegistrationDelegate$BeanPostProcessorChecker:335 :
                Bean 'seata-io.seata.spring.boot.autoconfigure.properties.SeataProperties' of type [io.seata.spring.boot.autoconfigure.properties.SeataProperties] is not eligible for getting processed by all BeanPostProcessors (for example: not eligible for auto-proxying)
2022-05-31 16:55:50.138  INFO 3486  --- [           main] io.seata.spring.boot.autoconfigure.SeataAutoConfiguration:65       :
                Automatically configure Seata
2022-05-31 16:55:50.168  INFO 3516  --- [           main] io.seata.config.ConfigurationFactory:65                            :
                load Configuration:FileConfiguration$$EnhancerByCGLIB$$862af1eb
2022-05-31 16:55:50.173  INFO 3521  --- [           main] o.s.c.s.PostProcessorRegistrationDelegate$BeanPostProcessorChecker:335 :
                Bean 'configProperties' of type [io.seata.spring.boot.autoconfigure.properties.config.ConfigProperties] is not eligible for getting processed by all BeanPostProcessors (for example: not eligible for auto-proxying)
2022-05-31 16:55:50.180  INFO 3528  --- [           main] o.s.c.s.PostProcessorRegistrationDelegate$BeanPostProcessorChecker:335 :
                Bean 'configNacosProperties' of type [io.seata.spring.boot.autoconfigure.properties.config.ConfigNacosProperties] is not eligible for getting processed by all BeanPostProcessors (for example: not eligible for auto-proxying)
2022-05-31 16:55:50.291  INFO 3639  --- [           main] io.seata.spring.annotation.GlobalTransactionScanner:164            :
                Initializing Global Transaction Clients ... 
2022-05-31 16:55:50.379  INFO 3727  --- [           main] io.seata.core.rpc.netty.NettyClientBootstrap:147                   :
                NettyClientBootstrap has started
2022-05-31 16:55:50.379  INFO 3727  --- [           main] io.seata.spring.annotation.GlobalTransactionScanner:172            :
                Transaction Manager Client is initialized. applicationId[user-server] txServiceGroup[my_tx_group]
2022-05-31 16:55:50.389  INFO 3737  --- [           main] io.seata.rm.datasource.AsyncWorker:125                             :
                Async Commit Buffer Limit: 10000
2022-05-31 16:55:50.390  INFO 3738  --- [           main] io.seata.rm.datasource.xa.ResourceManagerXA:40                     :
                ResourceManagerXA init ...
2022-05-31 16:55:50.396  INFO 3744  --- [           main] io.seata.core.rpc.netty.NettyClientBootstrap:147                   :
                NettyClientBootstrap has started
2022-05-31 16:55:50.396  INFO 3744  --- [           main] io.seata.spring.annotation.GlobalTransactionScanner:177            :
                Resource Manager is initialized. applicationId[user-server] txServiceGroup[my_tx_group]
2022-05-31 16:55:50.396  INFO 3744  --- [           main] io.seata.spring.annotation.GlobalTransactionScanner:181            :
                Global Transaction Clients are initialized. 
2022-05-31 16:55:50.582  INFO 3930  --- [           main] o.s.c.s.PostProcessorRegistrationDelegate$BeanPostProcessorChecker:335 :
                Bean 'com.alibaba.cloud.seata.feign.SeataFeignClientAutoConfiguration$FeignBeanPostProcessorConfiguration' of type [com.alibaba.cloud.seata.feign.SeataFeignClientAutoConfiguration$FeignBeanPostProcessorConfiguration] is not eligible for getting processed by all BeanPostProcessors (for example: not eligible for auto-proxying)
2022-05-31 16:55:50.584  INFO 3932  --- [           main] o.s.c.s.PostProcessorRegistrationDelegate$BeanPostProcessorChecker:335 :
                Bean 'seataFeignObjectWrapper' of type [com.alibaba.cloud.seata.feign.SeataFeignObjectWrapper] is not eligible for getting processed by all BeanPostProcessors (for example: not eligible for auto-proxying)
2022-05-31 16:55:50.595  INFO 3943  --- [           main] o.s.c.s.PostProcessorRegistrationDelegate$BeanPostProcessorChecker:335 :
                Bean 'org.springframework.cloud.client.loadbalancer.reactive.LoadBalancerBeanPostProcessorAutoConfiguration' of type [org.springframework.cloud.client.loadbalancer.reactive.LoadBalancerBeanPostProcessorAutoConfiguration] is not eligible for getting processed by all BeanPostProcessors (for example: not eligible for auto-proxying)
2022-05-31 16:55:50.597  INFO 3945  --- [           main] o.s.c.s.PostProcessorRegistrationDelegate$BeanPostProcessorChecker:335 :
                Bean 'org.springframework.cloud.client.loadbalancer.reactive.LoadBalancerBeanPostProcessorAutoConfiguration$ReactiveLoadBalancerConfig' of type [org.springframework.cloud.client.loadbalancer.reactive.LoadBalancerBeanPostProcessorAutoConfiguration$ReactiveLoadBalancerConfig] is not eligible for getting processed by all BeanPostProcessors (for example: not eligible for auto-proxying)
2022-05-31 16:55:50.598  INFO 3946  --- [           main] o.s.c.s.PostProcessorRegistrationDelegate$BeanPostProcessorChecker:335 :
                Bean 'deferringLoadBalancerExchangeFilterFunction' of type [org.springframework.cloud.client.loadbalancer.reactive.DeferringLoadBalancerExchangeFilterFunction] is not eligible for getting processed by all BeanPostProcessors (for example: not eligible for auto-proxying)
2022-05-31 16:55:50.784  INFO 4132  --- [           main] org.springframework.boot.web.embedded.tomcat.TomcatWebServer:108   :
                Tomcat initialized with port(s): 20100 (http)
2022-05-31 16:55:50.792  INFO 4140  --- [           main] org.apache.coyote.http11.Http11NioProtocol:173                     :
                Initializing ProtocolHandler ["http-nio-20100"]
2022-05-31 16:55:50.792  INFO 4140  --- [           main] org.apache.catalina.core.StandardService:173                       :
                Starting service [Tomcat]
2022-05-31 16:55:50.793  INFO 4141  --- [           main] org.apache.catalina.core.StandardEngine:173                        :
                Starting Servlet engine: [Apache Tomcat/9.0.37]
2022-05-31 16:55:50.886  INFO 4234  --- [           main] o.a.catalina.core.ContainerBase.[Tomcat].[localhost].[/]:173       :
                Initializing Spring embedded WebApplicationContext
2022-05-31 16:55:50.886  INFO 4234  --- [           main] o.s.b.web.servlet.context.ServletWebServerApplicationContext:285   :
                Root WebApplicationContext: initialization completed in 2093 ms
2022-05-31 16:55:51.152  INFO 4500  --- [           main] c.a.d.spring.boot.autoconfigure.DruidDataSourceAutoConfigure:56    :
                Init DruidDataSource
2022-05-31 16:55:51.237  INFO 4585  --- [           main] com.alibaba.druid.pool.DruidDataSource:998                         :
                {dataSource-1} inited
2022-05-31 16:55:51.248  INFO 4596  --- [           main] i.s.s.annotation.datasource.SeataAutoDataSourceProxyCreator:45     :
                Auto proxy of [dataSource]
2022-05-31 16:55:52.461  INFO 5809  --- [           main] org.redisson.Version:41                                            :
                Redisson 3.11.1
2022-05-31 16:55:53.125  INFO 6473  --- [sson-netty-2-27] org.redisson.connection.pool.MasterPubSubConnectionPool:168        :
                1 connections initialized for 127.0.0.1/127.0.0.1:6379
2022-05-31 16:55:53.131  INFO 6479  --- [sson-netty-2-19] org.redisson.connection.pool.MasterConnectionPool:168              :
                24 connections initialized for 127.0.0.1/127.0.0.1:6379
2022-05-31 16:55:53.310  INFO 6658  --- [           main] io.seata.spring.annotation.GlobalTransactionScanner:231            :
                Bean[cn.lingex.service.impl.UserServiceImpl$$EnhancerBySpringCGLIB$$3f081ee6] with name [userServiceImpl] would use interceptor [io.seata.spring.annotation.GlobalTransactionalInterceptor]
2022-05-31 16:55:54.433  INFO 7781  --- [           main] io.seata.core.rpc.netty.NettyClientChannelManager:99               :
                will connect to 192.168.31.157:8091
2022-05-31 16:55:54.434  INFO 7782  --- [           main] io.seata.core.rpc.netty.RmNettyRemotingClient:244                  :
                RM will register :jdbc:mysql://localhost:3306/ling_user
2022-05-31 16:55:54.437  INFO 7785  --- [           main] io.seata.core.rpc.netty.NettyPoolableFactory:56                    :
                NettyPool create channel to transactionRole:RMROLE,address:192.168.31.157:8091,msg:< RegisterRMRequest{resourceIds='jdbc:mysql://localhost:3306/ling_user', applicationId='user-server', transactionServiceGroup='my_tx_group'} >
2022-05-31 16:55:54.480  INFO 7828  --- [           main] io.seata.core.rpc.netty.RmNettyRemotingClient:151                  :
                register RM success. client version:1.3.0, server version:1.3.0,channel:[id: 0x761d6534, L:/192.168.31.157:9807 - R:/192.168.31.157:8091]
2022-05-31 16:55:54.486  INFO 7834  --- [           main] io.seata.core.rpc.netty.NettyPoolableFactory:81                    :
                register success, cost 44 ms, version:1.3.0,role:RMROLE,channel:[id: 0x761d6534, L:/192.168.31.157:9807 - R:/192.168.31.157:8091]
2022-05-31 16:55:54.835  INFO 8183  --- [           main] o.s.boot.actuate.endpoint.web.EndpointLinksResolver:58             :
                Exposing 2 endpoint(s) beneath base path '/actuator'
2022-05-31 16:55:54.913  INFO 8261  --- [           main] com.netflix.config.sources.URLConfigurationSource:122              :
                To enable URLs as dynamic configuration sources, define System property archaius.configurationSource.additionalUrls or make config.properties available on classpath.
2022-05-31 16:55:54.916  INFO 8264  --- [           main] com.netflix.config.sources.URLConfigurationSource:122              :
                To enable URLs as dynamic configuration sources, define System property archaius.configurationSource.additionalUrls or make config.properties available on classpath.
2022-05-31 16:55:55.036  INFO 8384  --- [           main] o.s.scheduling.concurrent.ThreadPoolTaskExecutor:181               :
                Initializing ExecutorService 'applicationTaskExecutor'
2022-05-31 16:55:55.109  INFO 8457  --- [           main] o.s.scheduling.concurrent.ThreadPoolTaskScheduler:181              :
                Initializing ExecutorService 'Nacos-Watch-Task-Scheduler'
2022-05-31 16:55:55.992  INFO 9340  --- [           main] org.apache.coyote.http11.Http11NioProtocol:173                     :
                Starting ProtocolHandler ["http-nio-20100"]
2022-05-31 16:55:56.004  INFO 9352  --- [           main] org.springframework.boot.web.embedded.tomcat.TomcatWebServer:220   :
                Tomcat started on port(s): 20100 (http) with context path ''
2022-05-31 16:55:56.270  INFO 9618  --- [           main] com.alibaba.cloud.nacos.registry.NacosServiceRegistry:75           :
                nacos registry, DEFAULT_GROUP user-server 192.168.31.157:20100 register finished
2022-05-31 16:55:56.681  INFO 10029 --- [           main] cn.lingex.UserApp:61                                               :
                Started UserApp in 9.723 seconds (JVM running for 10.778)
2022-05-31 16:55:57.258  INFO 10606 --- [-192.168.31.157] o.a.catalina.core.ContainerBase.[Tomcat].[localhost].[/]:173       :
                Initializing Spring DispatcherServlet 'dispatcherServlet'
2022-05-31 16:55:57.259  INFO 10607 --- [-192.168.31.157] org.springframework.web.servlet.DispatcherServlet:525              :
                Initializing Servlet 'dispatcherServlet'
2022-05-31 16:55:57.267  INFO 10615 --- [-192.168.31.157] org.springframework.web.servlet.DispatcherServlet:547              :
                Completed initialization in 8 ms
2022-05-31 16:56:50.380  INFO 63728 --- [eoutChecker_1_1] io.seata.core.rpc.netty.NettyClientChannelManager:99               :
                will connect to 192.168.31.157:8091
2022-05-31 16:56:50.381  INFO 63729 --- [eoutChecker_1_1] io.seata.core.rpc.netty.NettyPoolableFactory:56                    :
                NettyPool create channel to transactionRole:TMROLE,address:192.168.31.157:8091,msg:< RegisterTMRequest{applicationId='user-server', transactionServiceGroup='my_tx_group'} >
2022-05-31 16:56:50.386  INFO 63734 --- [eoutChecker_1_1] io.seata.core.rpc.netty.TmNettyRemotingClient:138                  :
                register TM success. client version:1.3.0, server version:1.3.0,channel:[id: 0xdbbc2e39, L:/192.168.31.157:9846 - R:/192.168.31.157:8091]
2022-05-31 16:56:50.387  INFO 63735 --- [eoutChecker_1_1] io.seata.core.rpc.netty.NettyPoolableFactory:81                    :
                register success, cost 4 ms, version:1.3.0,role:TMROLE,channel:[id: 0xdbbc2e39, L:/192.168.31.157:9846 - R:/192.168.31.157:8091]
