2022-06-01 11:02:53.243  WARN 2363  --- [kground-preinit] o.s.http.converter.json.Jackson2ObjectMapperBuilder:127            :
                For Jackson Kotlin classes support please add "com.fasterxml.jackson.module:jackson-module-kotlin" to the classpath
2022-06-01 11:02:54.860  WARN 3980  --- [           main] com.alibaba.cloud.nacos.client.NacosPropertySourceBuilder:87       :
                Ignore the empty nacos configuration and get it based on dataId[auth-server] & group[DEFAULT_GROUP]
2022-06-01 11:02:54.863  WARN 3983  --- [           main] com.alibaba.cloud.nacos.client.NacosPropertySourceBuilder:87       :
                Ignore the empty nacos configuration and get it based on dataId[auth-server.yaml] & group[DEFAULT_GROUP]
2022-06-01 11:02:57.295  WARN 6415  --- [           main] o.s.b.w.s.c.AnnotationConfigServletWebServerApplicationContext:559 :
                Exception encountered during context initialization - cancelling refresh attempt: org.springframework.beans.factory.support.BeanDefinitionOverrideException: Invalid bean definition with name 'passwordEncoder' defined in class path resource [cn/lingex/basic/security/WebSecurityCommonConfiig.class]: Cannot register bean definition [Root bean: class [null]; scope=; abstract=false; lazyInit=null; autowireMode=3; dependencyCheck=0; autowireCandidate=true; primary=false; factoryBeanName=webSecurityCommonConfiig; factoryMethodName=passwordEncoder; initMethodName=null; destroyMethodName=(inferred); defined in class path resource [cn/lingex/basic/security/WebSecurityCommonConfiig.class]] for bean 'passwordEncoder': There is already [Root bean: class [null]; scope=; abstract=false; lazyInit=null; autowireMode=3; dependencyCheck=0; autowireCandidate=true; primary=false; factoryBeanName=webSecurityConfiig; factoryMethodName=passwordEncoder; initMethodName=null; destroyMethodName=(inferred); defined in class path resource [cn/lingex/basic/security/WebSecurityConfiig.class]] bound.
2022-06-01 11:02:57.380  WARN 6500  --- [       Thread-7] com.alibaba.nacos.common.http.HttpClientBeanHolder:108             :
                [HttpClientBeanHolder] Start destroying common HttpClient
2022-06-01 11:02:57.381  WARN 6501  --- [       Thread-7] com.alibaba.nacos.common.http.HttpClientBeanHolder:114             :
                [HttpClientBeanHolder] Destruction of the end
2022-06-01 11:04:30.036  WARN 1891  --- [           main] com.alibaba.cloud.nacos.client.NacosPropertySourceBuilder:87       :
                Ignore the empty nacos configuration and get it based on dataId[auth-server] & group[DEFAULT_GROUP]
2022-06-01 11:04:30.040  WARN 1895  --- [           main] com.alibaba.cloud.nacos.client.NacosPropertySourceBuilder:87       :
                Ignore the empty nacos configuration and get it based on dataId[auth-server.yaml] & group[DEFAULT_GROUP]
2022-06-01 11:04:30.621  WARN 2476  --- [           main] o.s.b.w.s.c.AnnotationConfigServletWebServerApplicationContext:559 :
                Exception encountered during context initialization - cancelling refresh attempt: org.springframework.beans.factory.support.BeanDefinitionOverrideException: Invalid bean definition with name 'authenticationManagerBean' defined in class path resource [cn/lingex/basic/security/WebSecurityCommonConfiig.class]: Cannot register bean definition [Root bean: class [null]; scope=; abstract=false; lazyInit=null; autowireMode=3; dependencyCheck=0; autowireCandidate=true; primary=false; factoryBeanName=webSecurityCommonConfiig; factoryMethodName=authenticationManagerBean; initMethodName=null; destroyMethodName=(inferred); defined in class path resource [cn/lingex/basic/security/WebSecurityCommonConfiig.class]] for bean 'authenticationManagerBean': There is already [Root bean: class [null]; scope=; abstract=false; lazyInit=null; autowireMode=3; dependencyCheck=0; autowireCandidate=true; primary=false; factoryBeanName=webSecurityConfiig; factoryMethodName=authenticationManagerBean; initMethodName=null; destroyMethodName=(inferred); defined in class path resource [cn/lingex/basic/security/WebSecurityConfiig.class]] bound.
2022-06-01 11:04:30.636  WARN 2491  --- [       Thread-3] com.alibaba.nacos.common.http.HttpClientBeanHolder:108             :
                [HttpClientBeanHolder] Start destroying common HttpClient
2022-06-01 11:04:30.636  WARN 2491  --- [       Thread-3] com.alibaba.nacos.common.http.HttpClientBeanHolder:114             :
                [HttpClientBeanHolder] Destruction of the end
2022-06-01 11:07:01.902  WARN 1875  --- [           main] com.alibaba.cloud.nacos.client.NacosPropertySourceBuilder:87       :
                Ignore the empty nacos configuration and get it based on dataId[auth-server] & group[DEFAULT_GROUP]
2022-06-01 11:07:01.906  WARN 1879  --- [           main] com.alibaba.cloud.nacos.client.NacosPropertySourceBuilder:87       :
                Ignore the empty nacos configuration and get it based on dataId[auth-server.yaml] & group[DEFAULT_GROUP]
2022-06-01 11:07:02.475  WARN 2448  --- [           main] o.s.b.w.s.c.AnnotationConfigServletWebServerApplicationContext:559 :
                Exception encountered during context initialization - cancelling refresh attempt: org.springframework.beans.factory.support.BeanDefinitionOverrideException: Invalid bean definition with name 'authenticationManagerBean' defined in class path resource [cn/lingex/basic/security/WebSecurityCommonConfig.class]: Cannot register bean definition [Root bean: class [null]; scope=; abstract=false; lazyInit=null; autowireMode=3; dependencyCheck=0; autowireCandidate=true; primary=false; factoryBeanName=webSecurityCommonConfig; factoryMethodName=authenticationManagerBean; initMethodName=null; destroyMethodName=(inferred); defined in class path resource [cn/lingex/basic/security/WebSecurityCommonConfig.class]] for bean 'authenticationManagerBean': There is already [Root bean: class [null]; scope=; abstract=false; lazyInit=null; autowireMode=3; dependencyCheck=0; autowireCandidate=true; primary=false; factoryBeanName=webSecurityConfiig; factoryMethodName=authenticationManagerBean; initMethodName=null; destroyMethodName=(inferred); defined in class path resource [cn/lingex/basic/security/WebSecurityConfiig.class]] bound.
2022-06-01 11:07:02.489  WARN 2462  --- [       Thread-3] com.alibaba.nacos.common.http.HttpClientBeanHolder:108             :
                [HttpClientBeanHolder] Start destroying common HttpClient
2022-06-01 11:07:02.489  WARN 2462  --- [       Thread-3] com.alibaba.nacos.common.http.HttpClientBeanHolder:114             :
                [HttpClientBeanHolder] Destruction of the end
2022-06-01 11:08:04.570  WARN 1875  --- [           main] com.alibaba.cloud.nacos.client.NacosPropertySourceBuilder:87       :
                Ignore the empty nacos configuration and get it based on dataId[auth-server] & group[DEFAULT_GROUP]
2022-06-01 11:08:04.574  WARN 1879  --- [           main] com.alibaba.cloud.nacos.client.NacosPropertySourceBuilder:87       :
                Ignore the empty nacos configuration and get it based on dataId[auth-server.yaml] & group[DEFAULT_GROUP]
2022-06-01 11:08:06.733  WARN 4038  --- [           main] org.springframework.boot.actuate.endpoint.EndpointId:155           :
                Endpoint ID 'service-registry' contains invalid characters, please migrate to a valid format.
2022-06-01 11:08:07.042  WARN 4347  --- [           main] org.mybatis.spring.mapper.ClassPathMapperScanner:44                :
                No MyBatis mapper was found in '[cn.lingex]' package. Please check your configuration.
2022-06-01 11:08:15.262  WARN 12567 --- [           main] com.netflix.config.sources.URLConfigurationSource:121              :
                No URLs will be polled as dynamic configuration sources.
2022-06-01 11:08:15.281  WARN 12586 --- [           main] com.netflix.config.sources.URLConfigurationSource:121              :
                No URLs will be polled as dynamic configuration sources.
2022-06-01 11:08:17.054  WARN 14359 --- [           main] o.s.b.w.s.c.AnnotationConfigServletWebServerApplicationContext:559 :
                Exception encountered during context initialization - cancelling refresh attempt: org.springframework.beans.factory.BeanCreationException: Error creating bean with name 'org.springframework.security.config.annotation.web.configuration.WebSecurityConfiguration': Injection of autowired dependencies failed; nested exception is java.lang.IllegalStateException: @Order on WebSecurityConfigurers must be unique. Order of 100 was already used on cn.lingex.basic.security.WebSecurityConfiig$$EnhancerBySpringCGLIB$$ae99a65e@4850d66b, so it cannot be used on cn.lingex.basic.security.WebSecurityCommonConfig$$EnhancerBySpringCGLIB$$b3e69bd8@21f479cd too.
2022-06-01 11:08:23.325  WARN 20630 --- [           main] org.apache.catalina.loader.WebappClassLoaderBase:173               :
                The web application [ROOT] appears to have started a thread named [Thread-22] but has failed to stop it. This is very likely to create a memory leak. Stack trace of thread:
 sun.net.dns.ResolverConfigurationImpl.notifyAddrChange0(Native Method)
 sun.net.dns.ResolverConfigurationImpl$AddressChangeListener.run(ResolverConfigurationImpl.java:144)
2022-06-01 11:08:23.325  WARN 20630 --- [           main] org.apache.catalina.loader.WebappClassLoaderBase:173               :
                The web application [ROOT] appears to have started a thread named [logback-8] but has failed to stop it. This is very likely to create a memory leak. Stack trace of thread:
 sun.misc.Unsafe.park(Native Method)
 java.util.concurrent.locks.LockSupport.park(LockSupport.java:175)
 java.util.concurrent.locks.AbstractQueuedSynchronizer$ConditionObject.await(AbstractQueuedSynchronizer.java:2039)
 java.util.concurrent.ScheduledThreadPoolExecutor$DelayedWorkQueue.take(ScheduledThreadPoolExecutor.java:1088)
 java.util.concurrent.ScheduledThreadPoolExecutor$DelayedWorkQueue.take(ScheduledThreadPoolExecutor.java:809)
 java.util.concurrent.ThreadPoolExecutor.getTask(ThreadPoolExecutor.java:1074)
 java.util.concurrent.ThreadPoolExecutor.runWorker(ThreadPoolExecutor.java:1134)
 java.util.concurrent.ThreadPoolExecutor$Worker.run(ThreadPoolExecutor.java:624)
 java.lang.Thread.run(Thread.java:748)
2022-06-01 11:08:24.326  WARN 21631 --- [      Thread-35] com.alibaba.nacos.common.notify.NotifyCenter:145                   :
                [NotifyCenter] Start destroying Publisher
2022-06-01 11:08:24.326  WARN 21631 --- [       Thread-3] com.alibaba.nacos.common.http.HttpClientBeanHolder:108             :
                [HttpClientBeanHolder] Start destroying common HttpClient
2022-06-01 11:08:24.326  WARN 21631 --- [      Thread-35] com.alibaba.nacos.common.notify.NotifyCenter:162                   :
                [NotifyCenter] Destruction of the end
2022-06-01 11:08:24.327  WARN 21632 --- [       Thread-3] com.alibaba.nacos.common.http.HttpClientBeanHolder:114             :
                [HttpClientBeanHolder] Destruction of the end
2022-06-01 11:09:05.090  WARN 1927  --- [           main] com.alibaba.cloud.nacos.client.NacosPropertySourceBuilder:87       :
                Ignore the empty nacos configuration and get it based on dataId[auth-server] & group[DEFAULT_GROUP]
2022-06-01 11:09:05.094  WARN 1931  --- [           main] com.alibaba.cloud.nacos.client.NacosPropertySourceBuilder:87       :
                Ignore the empty nacos configuration and get it based on dataId[auth-server.yaml] & group[DEFAULT_GROUP]
2022-06-01 11:09:06.036  WARN 2873  --- [           main] org.springframework.boot.actuate.endpoint.EndpointId:155           :
                Endpoint ID 'service-registry' contains invalid characters, please migrate to a valid format.
2022-06-01 11:09:06.126  WARN 2963  --- [           main] org.mybatis.spring.mapper.ClassPathMapperScanner:44                :
                No MyBatis mapper was found in '[cn.lingex]' package. Please check your configuration.
2022-06-01 11:09:10.150  WARN 6987  --- [           main] com.netflix.config.sources.URLConfigurationSource:121              :
                No URLs will be polled as dynamic configuration sources.
2022-06-01 11:09:10.154  WARN 6991  --- [           main] com.netflix.config.sources.URLConfigurationSource:121              :
                No URLs will be polled as dynamic configuration sources.
2022-06-01 11:09:11.250  WARN 8087  --- [           main] o.s.b.w.s.c.AnnotationConfigServletWebServerApplicationContext:559 :
                Exception encountered during context initialization - cancelling refresh attempt: org.springframework.beans.factory.BeanCreationException: Error creating bean with name 'org.springframework.security.config.annotation.web.configuration.WebSecurityConfiguration': Injection of autowired dependencies failed; nested exception is java.lang.IllegalStateException: @Order on WebSecurityConfigurers must be unique. Order of 100 was already used on cn.lingex.basic.security.WebSecurityConfiig$$EnhancerBySpringCGLIB$$b73cb1eb@6d0a4a22, so it cannot be used on cn.lingex.basic.security.WebSecurityCommonConfig$$EnhancerBySpringCGLIB$$bc89a765@1999e1f5 too.
2022-06-01 11:09:17.502  WARN 14339 --- [           main] org.apache.catalina.loader.WebappClassLoaderBase:173               :
                The web application [ROOT] appears to have started a thread named [Thread-16] but has failed to stop it. This is very likely to create a memory leak. Stack trace of thread:
 sun.net.dns.ResolverConfigurationImpl.notifyAddrChange0(Native Method)
 sun.net.dns.ResolverConfigurationImpl$AddressChangeListener.run(ResolverConfigurationImpl.java:144)
2022-06-01 11:09:18.501  WARN 15338 --- [      Thread-26] com.alibaba.nacos.common.notify.NotifyCenter:145                   :
                [NotifyCenter] Start destroying Publisher
2022-06-01 11:09:18.501  WARN 15338 --- [       Thread-3] com.alibaba.nacos.common.http.HttpClientBeanHolder:108             :
                [HttpClientBeanHolder] Start destroying common HttpClient
2022-06-01 11:09:18.502  WARN 15339 --- [      Thread-26] com.alibaba.nacos.common.notify.NotifyCenter:162                   :
                [NotifyCenter] Destruction of the end
2022-06-01 11:09:18.502  WARN 15339 --- [       Thread-3] com.alibaba.nacos.common.http.HttpClientBeanHolder:114             :
                [HttpClientBeanHolder] Destruction of the end
2022-06-01 11:09:50.356  WARN 1776  --- [           main] com.alibaba.cloud.nacos.client.NacosPropertySourceBuilder:87       :
                Ignore the empty nacos configuration and get it based on dataId[auth-server] & group[DEFAULT_GROUP]
2022-06-01 11:09:50.360  WARN 1780  --- [           main] com.alibaba.cloud.nacos.client.NacosPropertySourceBuilder:87       :
                Ignore the empty nacos configuration and get it based on dataId[auth-server.yaml] & group[DEFAULT_GROUP]
2022-06-01 11:09:51.306  WARN 2726  --- [           main] org.springframework.boot.actuate.endpoint.EndpointId:155           :
                Endpoint ID 'service-registry' contains invalid characters, please migrate to a valid format.
2022-06-01 11:09:51.391  WARN 2811  --- [           main] org.mybatis.spring.mapper.ClassPathMapperScanner:44                :
                No MyBatis mapper was found in '[cn.lingex]' package. Please check your configuration.
2022-06-01 11:09:55.373  WARN 6793  --- [           main] com.netflix.config.sources.URLConfigurationSource:121              :
                No URLs will be polled as dynamic configuration sources.
2022-06-01 11:09:55.376  WARN 6796  --- [           main] com.netflix.config.sources.URLConfigurationSource:121              :
                No URLs will be polled as dynamic configuration sources.
2022-06-01 11:09:56.464  WARN 7884  --- [           main] o.s.b.w.s.c.AnnotationConfigServletWebServerApplicationContext:559 :
                Exception encountered during context initialization - cancelling refresh attempt: org.springframework.beans.factory.BeanCreationException: Error creating bean with name 'org.springframework.security.config.annotation.web.configuration.WebSecurityConfiguration': Injection of autowired dependencies failed; nested exception is java.lang.IllegalStateException: @Order on WebSecurityConfigurers must be unique. Order of 100 was already used on cn.lingex.basic.security.WebSecurityConfiig$$EnhancerBySpringCGLIB$$38c080bb@18df26a1, so it cannot be used on cn.lingex.basic.security.WebSecurityCommonConfig$$EnhancerBySpringCGLIB$$3e0d7635@5c459194 too.
2022-06-01 11:10:02.689  WARN 14109 --- [           main] org.apache.catalina.loader.WebappClassLoaderBase:173               :
                The web application [ROOT] appears to have started a thread named [Thread-16] but has failed to stop it. This is very likely to create a memory leak. Stack trace of thread:
 sun.net.dns.ResolverConfigurationImpl.notifyAddrChange0(Native Method)
 sun.net.dns.ResolverConfigurationImpl$AddressChangeListener.run(ResolverConfigurationImpl.java:144)
2022-06-01 11:10:03.684  WARN 15104 --- [       Thread-3] com.alibaba.nacos.common.http.HttpClientBeanHolder:108             :
                [HttpClientBeanHolder] Start destroying common HttpClient
2022-06-01 11:10:03.684  WARN 15104 --- [      Thread-26] com.alibaba.nacos.common.notify.NotifyCenter:145                   :
                [NotifyCenter] Start destroying Publisher
2022-06-01 11:10:03.685  WARN 15105 --- [      Thread-26] com.alibaba.nacos.common.notify.NotifyCenter:162                   :
                [NotifyCenter] Destruction of the end
2022-06-01 11:10:03.685  WARN 15105 --- [       Thread-3] com.alibaba.nacos.common.http.HttpClientBeanHolder:114             :
                [HttpClientBeanHolder] Destruction of the end
2022-06-01 11:12:45.914  WARN 1921  --- [           main] com.alibaba.cloud.nacos.client.NacosPropertySourceBuilder:87       :
                Ignore the empty nacos configuration and get it based on dataId[user-server] & group[DEFAULT_GROUP]
2022-06-01 11:12:45.919  WARN 1926  --- [           main] com.alibaba.cloud.nacos.client.NacosPropertySourceBuilder:87       :
                Ignore the empty nacos configuration and get it based on dataId[user-server.yaml] & group[DEFAULT_GROUP]
2022-06-01 11:12:47.099  WARN 3106  --- [           main] org.springframework.boot.actuate.endpoint.EndpointId:155           :
                Endpoint ID 'service-registry' contains invalid characters, please migrate to a valid format.
2022-06-01 11:12:52.408  WARN 8415  --- [           main] com.netflix.config.sources.URLConfigurationSource:121              :
                No URLs will be polled as dynamic configuration sources.
2022-06-01 11:12:52.411  WARN 8418  --- [           main] com.netflix.config.sources.URLConfigurationSource:121              :
                No URLs will be polled as dynamic configuration sources.
2022-06-01 11:19:57.330  WARN 1895  --- [           main] com.alibaba.cloud.nacos.client.NacosPropertySourceBuilder:87       :
                Ignore the empty nacos configuration and get it based on dataId[auth-server] & group[DEFAULT_GROUP]
2022-06-01 11:19:57.334  WARN 1899  --- [           main] com.alibaba.cloud.nacos.client.NacosPropertySourceBuilder:87       :
                Ignore the empty nacos configuration and get it based on dataId[auth-server.yaml] & group[DEFAULT_GROUP]
2022-06-01 11:19:58.559  WARN 3124  --- [           main] org.springframework.boot.actuate.endpoint.EndpointId:155           :
                Endpoint ID 'service-registry' contains invalid characters, please migrate to a valid format.
2022-06-01 11:19:58.649  WARN 3214  --- [           main] org.mybatis.spring.mapper.ClassPathMapperScanner:44                :
                No MyBatis mapper was found in '[cn.lingex]' package. Please check your configuration.
2022-06-01 11:20:02.659  WARN 7224  --- [           main] com.netflix.config.sources.URLConfigurationSource:121              :
                No URLs will be polled as dynamic configuration sources.
2022-06-01 11:20:02.663  WARN 7228  --- [           main] com.netflix.config.sources.URLConfigurationSource:121              :
                No URLs will be polled as dynamic configuration sources.
2022-06-01 11:20:03.739  WARN 8304  --- [           main] o.s.b.w.s.c.AnnotationConfigServletWebServerApplicationContext:559 :
                Exception encountered during context initialization - cancelling refresh attempt: org.springframework.beans.factory.BeanCreationException: Error creating bean with name 'org.springframework.security.config.annotation.web.configuration.WebSecurityConfiguration': Injection of autowired dependencies failed; nested exception is java.lang.IllegalStateException: @Order on WebSecurityConfigurers must be unique. Order of 100 was already used on cn.lingex.basic.security.WebSecurityConfiig$$EnhancerBySpringCGLIB$$376b11b@dd77e0d, so it cannot be used on cn.lingex.basic.security.WebSecurityCommonConfig$$EnhancerBySpringCGLIB$$8c3a695@799cf32d too.
2022-06-01 11:20:09.952  WARN 14517 --- [           main] org.apache.catalina.loader.WebappClassLoaderBase:173               :
                The web application [ROOT] appears to have started a thread named [Thread-16] but has failed to stop it. This is very likely to create a memory leak. Stack trace of thread:
 sun.net.dns.ResolverConfigurationImpl.notifyAddrChange0(Native Method)
 sun.net.dns.ResolverConfigurationImpl$AddressChangeListener.run(ResolverConfigurationImpl.java:144)
2022-06-01 11:20:10.956  WARN 15521 --- [       Thread-3] com.alibaba.nacos.common.http.HttpClientBeanHolder:108             :
                [HttpClientBeanHolder] Start destroying common HttpClient
2022-06-01 11:20:10.956  WARN 15521 --- [      Thread-26] com.alibaba.nacos.common.notify.NotifyCenter:145                   :
                [NotifyCenter] Start destroying Publisher
2022-06-01 11:20:10.956  WARN 15521 --- [      Thread-26] com.alibaba.nacos.common.notify.NotifyCenter:162                   :
                [NotifyCenter] Destruction of the end
2022-06-01 11:20:10.957  WARN 15522 --- [       Thread-3] com.alibaba.nacos.common.http.HttpClientBeanHolder:114             :
                [HttpClientBeanHolder] Destruction of the end
2022-06-01 11:21:45.212  WARN 2022  --- [           main] com.alibaba.cloud.nacos.client.NacosPropertySourceBuilder:87       :
                Ignore the empty nacos configuration and get it based on dataId[auth-server] & group[DEFAULT_GROUP]
2022-06-01 11:21:45.217  WARN 2027  --- [           main] com.alibaba.cloud.nacos.client.NacosPropertySourceBuilder:87       :
                Ignore the empty nacos configuration and get it based on dataId[auth-server.yaml] & group[DEFAULT_GROUP]
2022-06-01 11:21:46.331  WARN 3141  --- [           main] org.springframework.boot.actuate.endpoint.EndpointId:155           :
                Endpoint ID 'service-registry' contains invalid characters, please migrate to a valid format.
2022-06-01 11:21:46.423  WARN 3233  --- [           main] org.mybatis.spring.mapper.ClassPathMapperScanner:44                :
                No MyBatis mapper was found in '[cn.lingex]' package. Please check your configuration.
2022-06-01 11:21:51.921  WARN 8731  --- [           main] com.netflix.config.sources.URLConfigurationSource:121              :
                No URLs will be polled as dynamic configuration sources.
2022-06-01 11:21:51.924  WARN 8734  --- [           main] com.netflix.config.sources.URLConfigurationSource:121              :
                No URLs will be polled as dynamic configuration sources.
2022-06-01 11:21:54.073  WARN 10883 --- [           main] o.s.c.security.oauth2.SpringCloudSecurityAutoConfiguration:38      :
                All Spring Cloud Security modules and starters are deprecated. They will be moved to individual projects in the next major release.
2022-06-01 11:30:14.999  WARN 1869  --- [           main] com.alibaba.cloud.nacos.client.NacosPropertySourceBuilder:87       :
                Ignore the empty nacos configuration and get it based on dataId[auth-server] & group[DEFAULT_GROUP]
2022-06-01 11:30:15.002  WARN 1872  --- [           main] com.alibaba.cloud.nacos.client.NacosPropertySourceBuilder:87       :
                Ignore the empty nacos configuration and get it based on dataId[auth-server.yaml] & group[DEFAULT_GROUP]
2022-06-01 11:30:15.965  WARN 2835  --- [           main] org.springframework.boot.actuate.endpoint.EndpointId:155           :
                Endpoint ID 'service-registry' contains invalid characters, please migrate to a valid format.
2022-06-01 11:30:16.055  WARN 2925  --- [           main] org.mybatis.spring.mapper.ClassPathMapperScanner:44                :
                No MyBatis mapper was found in '[cn.lingex]' package. Please check your configuration.
2022-06-01 11:30:20.228  WARN 7098  --- [           main] com.netflix.config.sources.URLConfigurationSource:121              :
                No URLs will be polled as dynamic configuration sources.
2022-06-01 11:30:20.231  WARN 7101  --- [           main] com.netflix.config.sources.URLConfigurationSource:121              :
                No URLs will be polled as dynamic configuration sources.
2022-06-01 11:30:22.022  WARN 8892  --- [           main] o.s.c.security.oauth2.SpringCloudSecurityAutoConfiguration:38      :
                All Spring Cloud Security modules and starters are deprecated. They will be moved to individual projects in the next major release.
2022-06-01 11:32:08.435  WARN 1885  --- [           main] com.alibaba.cloud.nacos.client.NacosPropertySourceBuilder:87       :
                Ignore the empty nacos configuration and get it based on dataId[auth-server] & group[DEFAULT_GROUP]
2022-06-01 11:32:08.439  WARN 1889  --- [           main] com.alibaba.cloud.nacos.client.NacosPropertySourceBuilder:87       :
                Ignore the empty nacos configuration and get it based on dataId[auth-server.yaml] & group[DEFAULT_GROUP]
2022-06-01 11:32:09.410  WARN 2860  --- [           main] org.springframework.boot.actuate.endpoint.EndpointId:155           :
                Endpoint ID 'service-registry' contains invalid characters, please migrate to a valid format.
2022-06-01 11:32:09.499  WARN 2949  --- [           main] org.mybatis.spring.mapper.ClassPathMapperScanner:44                :
                No MyBatis mapper was found in '[cn.lingex]' package. Please check your configuration.
2022-06-01 11:32:13.633  WARN 7083  --- [           main] com.netflix.config.sources.URLConfigurationSource:121              :
                No URLs will be polled as dynamic configuration sources.
2022-06-01 11:32:13.636  WARN 7086  --- [           main] com.netflix.config.sources.URLConfigurationSource:121              :
                No URLs will be polled as dynamic configuration sources.
2022-06-01 11:32:15.350  WARN 8800  --- [           main] o.s.c.security.oauth2.SpringCloudSecurityAutoConfiguration:38      :
                All Spring Cloud Security modules and starters are deprecated. They will be moved to individual projects in the next major release.
2022-06-01 11:36:01.289  WARN 1907  --- [           main] com.alibaba.cloud.nacos.client.NacosPropertySourceBuilder:87       :
                Ignore the empty nacos configuration and get it based on dataId[auth-server] & group[DEFAULT_GROUP]
2022-06-01 11:36:01.293  WARN 1911  --- [           main] com.alibaba.cloud.nacos.client.NacosPropertySourceBuilder:87       :
                Ignore the empty nacos configuration and get it based on dataId[auth-server.yaml] & group[DEFAULT_GROUP]
2022-06-01 11:36:02.269  WARN 2887  --- [           main] org.springframework.boot.actuate.endpoint.EndpointId:155           :
                Endpoint ID 'service-registry' contains invalid characters, please migrate to a valid format.
2022-06-01 11:36:02.360  WARN 2978  --- [           main] org.mybatis.spring.mapper.ClassPathMapperScanner:44                :
                No MyBatis mapper was found in '[cn.lingex]' package. Please check your configuration.
2022-06-01 11:36:06.563  WARN 7181  --- [           main] com.netflix.config.sources.URLConfigurationSource:121              :
                No URLs will be polled as dynamic configuration sources.
2022-06-01 11:36:06.567  WARN 7185  --- [           main] com.netflix.config.sources.URLConfigurationSource:121              :
                No URLs will be polled as dynamic configuration sources.
2022-06-01 11:36:08.283  WARN 8901  --- [           main] o.s.c.security.oauth2.SpringCloudSecurityAutoConfiguration:38      :
                All Spring Cloud Security modules and starters are deprecated. They will be moved to individual projects in the next major release.
2022-06-01 11:43:31.621  WARN 1900  --- [           main] com.alibaba.cloud.nacos.client.NacosPropertySourceBuilder:87       :
                Ignore the empty nacos configuration and get it based on dataId[auth-server] & group[DEFAULT_GROUP]
2022-06-01 11:43:31.625  WARN 1904  --- [           main] com.alibaba.cloud.nacos.client.NacosPropertySourceBuilder:87       :
                Ignore the empty nacos configuration and get it based on dataId[auth-server.yaml] & group[DEFAULT_GROUP]
2022-06-01 11:43:32.621  WARN 2900  --- [           main] org.springframework.boot.actuate.endpoint.EndpointId:155           :
                Endpoint ID 'service-registry' contains invalid characters, please migrate to a valid format.
2022-06-01 11:43:32.710  WARN 2989  --- [           main] org.mybatis.spring.mapper.ClassPathMapperScanner:44                :
                No MyBatis mapper was found in '[cn.lingex]' package. Please check your configuration.
2022-06-01 11:43:36.932  WARN 7211  --- [           main] com.netflix.config.sources.URLConfigurationSource:121              :
                No URLs will be polled as dynamic configuration sources.
2022-06-01 11:43:36.936  WARN 7215  --- [           main] com.netflix.config.sources.URLConfigurationSource:121              :
                No URLs will be polled as dynamic configuration sources.
2022-06-01 11:43:38.603  WARN 8882  --- [           main] o.s.c.security.oauth2.SpringCloudSecurityAutoConfiguration:38      :
                All Spring Cloud Security modules and starters are deprecated. They will be moved to individual projects in the next major release.
2022-06-01 11:43:53.268  WARN 1912  --- [           main] com.alibaba.cloud.nacos.client.NacosPropertySourceBuilder:87       :
                Ignore the empty nacos configuration and get it based on dataId[user-server] & group[DEFAULT_GROUP]
2022-06-01 11:43:53.271  WARN 1915  --- [           main] com.alibaba.cloud.nacos.client.NacosPropertySourceBuilder:87       :
                Ignore the empty nacos configuration and get it based on dataId[user-server.yaml] & group[DEFAULT_GROUP]
2022-06-01 11:43:54.536  WARN 3180  --- [           main] org.springframework.boot.actuate.endpoint.EndpointId:155           :
                Endpoint ID 'service-registry' contains invalid characters, please migrate to a valid format.
2022-06-01 11:43:59.834  WARN 8478  --- [           main] com.netflix.config.sources.URLConfigurationSource:121              :
                No URLs will be polled as dynamic configuration sources.
2022-06-01 11:43:59.838  WARN 8482  --- [           main] com.netflix.config.sources.URLConfigurationSource:121              :
                No URLs will be polled as dynamic configuration sources.
2022-06-01 11:44:23.085  WARN 1921  --- [           main] com.alibaba.cloud.nacos.client.NacosPropertySourceBuilder:87       :
                Ignore the empty nacos configuration and get it based on dataId[order-server] & group[DEFAULT_GROUP]
2022-06-01 11:44:23.089  WARN 1925  --- [           main] com.alibaba.cloud.nacos.client.NacosPropertySourceBuilder:87       :
                Ignore the empty nacos configuration and get it based on dataId[order-server.yaml] & group[DEFAULT_GROUP]
2022-06-01 11:44:24.080  WARN 2916  --- [           main] org.springframework.boot.actuate.endpoint.EndpointId:155           :
                Endpoint ID 'service-registry' contains invalid characters, please migrate to a valid format.
2022-06-01 11:44:28.859  WARN 7695  --- [           main] com.netflix.config.sources.URLConfigurationSource:121              :
                No URLs will be polled as dynamic configuration sources.
2022-06-01 11:44:28.862  WARN 7698  --- [           main] com.netflix.config.sources.URLConfigurationSource:121              :
                No URLs will be polled as dynamic configuration sources.
2022-06-01 11:44:35.388  WARN 1901  --- [           main] com.alibaba.cloud.nacos.client.NacosPropertySourceBuilder:87       :
                Ignore the empty nacos configuration and get it based on dataId[stock-server] & group[DEFAULT_GROUP]
2022-06-01 11:44:35.391  WARN 1904  --- [           main] com.alibaba.cloud.nacos.client.NacosPropertySourceBuilder:87       :
                Ignore the empty nacos configuration and get it based on dataId[stock-server.yaml] & group[DEFAULT_GROUP]
2022-06-01 11:44:36.413  WARN 2926  --- [           main] org.springframework.boot.actuate.endpoint.EndpointId:155           :
                Endpoint ID 'service-registry' contains invalid characters, please migrate to a valid format.
2022-06-01 11:44:41.306  WARN 7819  --- [           main] com.netflix.config.sources.URLConfigurationSource:121              :
                No URLs will be polled as dynamic configuration sources.
2022-06-01 11:44:41.309  WARN 7822  --- [           main] com.netflix.config.sources.URLConfigurationSource:121              :
                No URLs will be polled as dynamic configuration sources.
2022-06-01 16:12:55.495  WARN 2533  --- [           main] com.alibaba.cloud.nacos.client.NacosPropertySourceBuilder:87       :
                Ignore the empty nacos configuration and get it based on dataId[user-server] & group[DEFAULT_GROUP]
2022-06-01 16:12:55.535  WARN 2573  --- [           main] com.alibaba.cloud.nacos.client.NacosPropertySourceBuilder:87       :
                Ignore the empty nacos configuration and get it based on dataId[user-server.yaml] & group[DEFAULT_GROUP]
2022-06-01 16:12:57.136  WARN 4174  --- [           main] org.springframework.boot.actuate.endpoint.EndpointId:155           :
                Endpoint ID 'service-registry' contains invalid characters, please migrate to a valid format.
2022-06-01 16:13:04.527  WARN 11565 --- [           main] com.netflix.config.sources.URLConfigurationSource:121              :
                No URLs will be polled as dynamic configuration sources.
2022-06-01 16:13:04.531  WARN 11569 --- [           main] com.netflix.config.sources.URLConfigurationSource:121              :
                No URLs will be polled as dynamic configuration sources.
2022-06-01 16:32:55.681  WARN 1973  --- [           main] com.alibaba.cloud.nacos.client.NacosPropertySourceBuilder:87       :
                Ignore the empty nacos configuration and get it based on dataId[user-server] & group[DEFAULT_GROUP]
2022-06-01 16:32:55.684  WARN 1976  --- [           main] com.alibaba.cloud.nacos.client.NacosPropertySourceBuilder:87       :
                Ignore the empty nacos configuration and get it based on dataId[user-server.yaml] & group[DEFAULT_GROUP]
2022-06-01 16:32:57.095  WARN 3387  --- [           main] org.springframework.boot.actuate.endpoint.EndpointId:155           :
                Endpoint ID 'service-registry' contains invalid characters, please migrate to a valid format.
2022-06-01 16:33:02.244  WARN 8536  --- [           main] com.netflix.config.sources.URLConfigurationSource:121              :
                No URLs will be polled as dynamic configuration sources.
2022-06-01 16:33:02.247  WARN 8539  --- [           main] com.netflix.config.sources.URLConfigurationSource:121              :
                No URLs will be polled as dynamic configuration sources.
